[TOTAL]  |<9.146944>|
[OUT]->: Mon Jul 31 04:50:05 2023
[IN]-->: Mon Jul 31 04:21:42 2023
[OUT]->: Mon Jul 31 03:40:07 2023
[IN]-->: Mon Jul 31 01:42:06 2023
[OUT]->: Mon Jul 31 01:40:56 2023
[IN]-->: Mon Jul 31 01:00:57 2023
[OUT]->: Mon Jul 31 00:57:17 2023
[IN]-->: Sun Jul 30 23:46:48 2023
[OUT]->: Sun Jul 30 17:22:40 2023
[IN]-->: Sun Jul 30 16:12:36 2023
[OUT]->: Sun Jul 30 16:07:57 2023
[IN]-->: Sun Jul 30 16:04:29 2023
[OUT]->: Sun Jul 30 16:03:04 2023
[IN]-->: Sun Jul 30 15:44:16 2023
[OUT]->: Sun Jul 30 04:00:58 2023
[IN]-->: Sun Jul 30 02:09:49 2023
[OUT]->: Sun Jul 30 01:58:35 2023
[IN]-->: Sun Jul 30 01:27:48 2023
[OUT]->: Tue Jul 18 18:53:27 2023
[IN]-->: Tue Jul 18 18:16:40 2023
[OUT]->: Tue Jul 18 17:28:20 2023
[IN]-->: Tue Jul 18 17:07:26 2023
